#! /c/Source/iverilog-install/bin/vvp
:ivl_version "12.0 (devel)" "(s20150603-1539-g2693dd32b)";
:ivl_delay_selection "TYPICAL";
:vpi_time_precision - 12;
:vpi_module "C:\iverilog\lib\ivl\system.vpi";
:vpi_module "C:\iverilog\lib\ivl\vhdl_sys.vpi";
:vpi_module "C:\iverilog\lib\ivl\vhdl_textio.vpi";
:vpi_module "C:\iverilog\lib\ivl\v2005_math.vpi";
:vpi_module "C:\iverilog\lib\ivl\va_math.vpi";
S_000002b420a80c70 .scope module, "tb_digital_mixer" "tb_digital_mixer" 2 3;
 .timescale -9 -12;
v000002b420a73360_0 .var "clk", 0 0;
v000002b420a732c0_0 .var/s "entrada_1", 15 0;
v000002b420a72dc0_0 .var/s "entrada_2", 15 0;
v000002b420a72fa0_0 .var "rst_n", 0 0;
v000002b420a728c0_0 .net/s "saida_som", 15 0, v000002b420a72820_0;  1 drivers
v000002b420a72f00_0 .var "vol_ch1", 7 0;
v000002b420a73540_0 .var "vol_ch2", 7 0;
E_000002b420a6cb80 .event anyedge, v000002b420a72820_0;
S_000002b420a77bf0 .scope module, "uut" "digital_mixer" 2 13, 3 1 0, S_000002b420a80c70;
 .timescale 0 0;
    .port_info 0 /INPUT 1 "clk";
    .port_info 1 /INPUT 1 "rst_n";
    .port_info 2 /INPUT 16 "entrada_1";
    .port_info 3 /INPUT 16 "entrada_2";
    .port_info 4 /INPUT 8 "vol_ch1";
    .port_info 5 /INPUT 8 "vol_ch2";
    .port_info 6 /OUTPUT 16 "saida_som";
v000002b420a72aa0_0 .net *"_ivl_2", 18 0, L_000002b420ad6e60;  1 drivers
v000002b420a73040_0 .net "clk", 0 0, v000002b420a73360_0;  1 drivers
v000002b420a730e0_0 .net/s "entrada_1", 15 0, v000002b420a732c0_0;  1 drivers
v000002b420a72be0_0 .net/s "entrada_2", 15 0, v000002b420a72dc0_0;  1 drivers
v000002b420a73220_0 .net/s "escala_saida", 25 0, L_000002b420ad6280;  1 drivers
v000002b420a73180_0 .var/s "mult1", 24 0;
v000002b420a72d20_0 .var/s "mult2", 24 0;
v000002b420a72e60_0 .net "rst_n", 0 0, v000002b420a72fa0_0;  1 drivers
v000002b420a72820_0 .var/s "saida_som", 15 0;
v000002b420a72c80_0 .var/s "sinal_mixado", 25 0;
v000002b420a73400_0 .net "vol_ch1", 7 0, v000002b420a72f00_0;  1 drivers
v000002b420a734a0_0 .net "vol_ch2", 7 0, v000002b420a73540_0;  1 drivers
E_000002b420a6d5c0/0 .event negedge, v000002b420a72e60_0;
E_000002b420a6d5c0/1 .event posedge, v000002b420a73040_0;
E_000002b420a6d5c0 .event/or E_000002b420a6d5c0/0, E_000002b420a6d5c0/1;
L_000002b420ad6e60 .part v000002b420a72c80_0, 7, 19;
L_000002b420ad6280 .extend/s 26, L_000002b420ad6e60;
S_000002b420a80e00 .scope module, "top" "top" 4 1;
 .timescale -9 -12;
    .port_info 0 /INPUT 1 "clk";
    .port_info 1 /INPUT 1 "rst_n";
    .port_info 2 /INPUT 1 "spi_sck";
    .port_info 3 /INPUT 1 "spi_mosi";
    .port_info 4 /INPUT 1 "i2s_bclk";
    .port_info 5 /INPUT 1 "i2s_lrclk";
    .port_info 6 /INPUT 1 "i2s_din";
    .port_info 7 /OUTPUT 1 "i2s_dout";
o000002b420a84818 .functor BUFZ 1, C4<z>; HiZ drive
L_000002b420a806e0 .functor XOR 1, L_000002b420ad72c0, o000002b420a84818, C4<0>, C4<0>;
o000002b420a848a8 .functor BUFZ 1, C4<z>; HiZ drive
L_000002b420a7fd40 .functor XOR 1, L_000002b420a806e0, o000002b420a848a8, C4<0>, C4<0>;
o000002b420a848d8 .functor BUFZ 1, C4<z>; HiZ drive
L_000002b420a7fdb0 .functor XOR 1, L_000002b420a7fd40, o000002b420a848d8, C4<0>, C4<0>;
o000002b420a847e8 .functor BUFZ 1, C4<z>; HiZ drive
L_000002b420a80360 .functor XOR 1, L_000002b420a7fdb0, o000002b420a847e8, C4<0>, C4<0>;
o000002b420a84878 .functor BUFZ 1, C4<z>; HiZ drive
L_000002b420a7ff00 .functor XOR 1, L_000002b420a80360, o000002b420a84878, C4<0>, C4<0>;
v000002b420ad7180_0 .net *"_ivl_10", 0 0, L_000002b420a806e0;  1 drivers
v000002b420ad7fe0_0 .net *"_ivl_12", 0 0, L_000002b420a7fd40;  1 drivers
v000002b420ad7c20_0 .net *"_ivl_14", 0 0, L_000002b420a7fdb0;  1 drivers
v000002b420ad6500_0 .net *"_ivl_16", 0 0, L_000002b420a80360;  1 drivers
v000002b420ad6c80_0 .net *"_ivl_9", 0 0, L_000002b420ad72c0;  1 drivers
o000002b420a84398 .functor BUFZ 1, C4<z>; HiZ drive
v000002b420ad65a0_0 .net "clk", 0 0, o000002b420a84398;  0 drivers
v000002b420ad7b80_0 .net "i2s_bclk", 0 0, o000002b420a847e8;  0 drivers
v000002b420ad7f40_0 .net "i2s_din", 0 0, o000002b420a84818;  0 drivers
v000002b420ad70e0_0 .net "i2s_dout", 0 0, L_000002b420a7ff00;  1 drivers
v000002b420ad6d20_0 .net "i2s_lrclk", 0 0, o000002b420a84878;  0 drivers
o000002b420a844b8 .functor BUFZ 1, C4<z>; HiZ drive
v000002b420ad7cc0_0 .net "rst_n", 0 0, o000002b420a844b8;  0 drivers
v000002b420ad6640_0 .net "spi_mosi", 0 0, o000002b420a848a8;  0 drivers
v000002b420ad7a40_0 .net "spi_sck", 0 0, o000002b420a848d8;  0 drivers
L_000002b420ad8108 .functor BUFT 1, C4<0001001110001000>, C4<0>, C4<0>, C4<0>;
v000002b420ad7d60_0 .net/s "w_entrada_1", 15 0, L_000002b420ad8108;  1 drivers
L_000002b420ad8150 .functor BUFT 1, C4<0000011111010000>, C4<0>, C4<0>, C4<0>;
v000002b420ad7680_0 .net/s "w_entrada_2", 15 0, L_000002b420ad8150;  1 drivers
v000002b420ad6fa0_0 .net/s "w_saida_som", 15 0, v000002b420ad6820_0;  1 drivers
L_000002b420ad8198 .functor BUFT 1, C4<10000000>, C4<0>, C4<0>, C4<0>;
v000002b420ad6dc0_0 .net "w_vol_ch1", 7 0, L_000002b420ad8198;  1 drivers
L_000002b420ad81e0 .functor BUFT 1, C4<01000000>, C4<0>, C4<0>, C4<0>;
v000002b420ad7040_0 .net "w_vol_ch2", 7 0, L_000002b420ad81e0;  1 drivers
L_000002b420ad72c0 .part v000002b420ad6820_0, 15, 1;
S_000002b420a74350 .scope module, "meu_mixer" "digital_mixer" 4 21, 3 1 0, S_000002b420a80e00;
 .timescale 0 0;
    .port_info 0 /INPUT 1 "clk";
    .port_info 1 /INPUT 1 "rst_n";
    .port_info 2 /INPUT 16 "entrada_1";
    .port_info 3 /INPUT 16 "entrada_2";
    .port_info 4 /INPUT 8 "vol_ch1";
    .port_info 5 /INPUT 8 "vol_ch2";
    .port_info 6 /OUTPUT 16 "saida_som";
v000002b420a735e0_0 .net *"_ivl_2", 18 0, L_000002b420ad7220;  1 drivers
v000002b420a73680_0 .net "clk", 0 0, o000002b420a84398;  alias, 0 drivers
v000002b420a72960_0 .net/s "entrada_1", 15 0, L_000002b420ad8108;  alias, 1 drivers
v000002b420a72780_0 .net/s "entrada_2", 15 0, L_000002b420ad8150;  alias, 1 drivers
v000002b420ad7e00_0 .net/s "escala_saida", 25 0, L_000002b420ad66e0;  1 drivers
v000002b420ad7ae0_0 .var/s "mult1", 24 0;
v000002b420ad6780_0 .var/s "mult2", 24 0;
v000002b420ad7ea0_0 .net "rst_n", 0 0, o000002b420a844b8;  alias, 0 drivers
v000002b420ad6820_0 .var/s "saida_som", 15 0;
v000002b420ad6f00_0 .var/s "sinal_mixado", 25 0;
v000002b420ad6b40_0 .net "vol_ch1", 7 0, L_000002b420ad8198;  alias, 1 drivers
v000002b420ad6be0_0 .net "vol_ch2", 7 0, L_000002b420ad81e0;  alias, 1 drivers
E_000002b420a6d080/0 .event negedge, v000002b420ad7ea0_0;
E_000002b420a6d080/1 .event posedge, v000002b420a73680_0;
E_000002b420a6d080 .event/or E_000002b420a6d080/0, E_000002b420a6d080/1;
L_000002b420ad7220 .part v000002b420ad6f00_0, 7, 19;
L_000002b420ad66e0 .extend/s 26, L_000002b420ad7220;
    .scope S_000002b420a77bf0;
T_0 ;
    %wait E_000002b420a6d5c0;
    %load/vec4 v000002b420a72e60_0;
    %nor/r;
    %flag_set/vec4 8;
    %jmp/0xz  T_0.0, 8;
    %pushi/vec4 0, 0, 25;
    %assign/vec4 v000002b420a73180_0, 0;
    %pushi/vec4 0, 0, 25;
    %assign/vec4 v000002b420a72d20_0, 0;
    %pushi/vec4 0, 0, 26;
    %assign/vec4 v000002b420a72c80_0, 0;
    %pushi/vec4 0, 0, 16;
    %assign/vec4 v000002b420a72820_0, 0;
    %jmp T_0.1;
T_0.0 ;
    %load/vec4 v000002b420a730e0_0;
    %pad/s 25;
    %pushi/vec4 0, 0, 1;
    %load/vec4 v000002b420a73400_0;
    %concat/vec4; draw_concat_vec4
    %pad/s 25;
    %mul;
    %assign/vec4 v000002b420a73180_0, 0;
    %load/vec4 v000002b420a72be0_0;
    %pad/s 25;
    %pushi/vec4 0, 0, 1;
    %load/vec4 v000002b420a734a0_0;
    %concat/vec4; draw_concat_vec4
    %pad/s 25;
    %mul;
    %assign/vec4 v000002b420a72d20_0, 0;
    %load/vec4 v000002b420a73180_0;
    %pad/s 26;
    %load/vec4 v000002b420a72d20_0;
    %pad/s 26;
    %add;
    %assign/vec4 v000002b420a72c80_0, 0;
    %load/vec4 v000002b420a73220_0;
    %cmpi/s 32367, 0, 26;
    %flag_or 5, 4; GT is !LE
    %flag_inv 5;
    %jmp/0xz  T_0.2, 5;
    %pushi/vec4 32767, 0, 16;
    %assign/vec4 v000002b420a72820_0, 0;
    %jmp T_0.3;
T_0.2 ;
    %load/vec4 v000002b420a73220_0;
    %cmpi/s 67076096, 0, 26;
    %jmp/0xz  T_0.4, 5;
    %pushi/vec4 32768, 0, 16;
    %assign/vec4 v000002b420a72820_0, 0;
    %jmp T_0.5;
T_0.4 ;
    %load/vec4 v000002b420a73220_0;
    %parti/s 16, 0, 2;
    %assign/vec4 v000002b420a72820_0, 0;
T_0.5 ;
T_0.3 ;
T_0.1 ;
    %jmp T_0;
    .thread T_0;
    .scope S_000002b420a80c70;
T_1 ;
    %delay 10000, 0;
    %load/vec4 v000002b420a73360_0;
    %inv;
    %store/vec4 v000002b420a73360_0, 0, 1;
    %jmp T_1;
    .thread T_1;
    .scope S_000002b420a80c70;
T_2 ;
    %vpi_call 2 28 "$dumpfile", "testbench_digital.vcd" {0 0 0};
    %vpi_call 2 29 "$dumpvars", 32'sb00000000000000000000000000000000, S_000002b420a80c70 {0 0 0};
    %vpi_call 2 30 "$monitor", "Tempo=%0t | entrada_1 = %d | entrada_2 = %d | vol_ch1 = %d | vol_ch2 = %d | saida_som = %d", $time, v000002b420a732c0_0, v000002b420a72dc0_0, v000002b420a72f00_0, v000002b420a73540_0, v000002b420a728c0_0 {0 0 0};
    %pushi/vec4 0, 0, 1;
    %store/vec4 v000002b420a73360_0, 0, 1;
    %pushi/vec4 0, 0, 1;
    %store/vec4 v000002b420a72fa0_0, 0, 1;
    %pushi/vec4 0, 0, 16;
    %store/vec4 v000002b420a732c0_0, 0, 16;
    %pushi/vec4 0, 0, 16;
    %store/vec4 v000002b420a72dc0_0, 0, 16;
    %pushi/vec4 0, 0, 8;
    %store/vec4 v000002b420a72f00_0, 0, 8;
    %pushi/vec4 0, 0, 8;
    %store/vec4 v000002b420a73540_0, 0, 8;
    %delay 40000, 0;
    %pushi/vec4 1, 0, 1;
    %store/vec4 v000002b420a72fa0_0, 0, 1;
    %pushi/vec4 5000, 0, 16;
    %store/vec4 v000002b420a732c0_0, 0, 16;
    %pushi/vec4 12000, 0, 16;
    %store/vec4 v000002b420a72dc0_0, 0, 16;
    %pushi/vec4 128, 0, 8;
    %store/vec4 v000002b420a72f00_0, 0, 8;
    %pushi/vec4 0, 0, 8;
    %store/vec4 v000002b420a73540_0, 0, 8;
    %wait E_000002b420a6cb80;
    %delay 2000, 0;
    %pushi/vec4 4000, 0, 16;
    %store/vec4 v000002b420a732c0_0, 0, 16;
    %pushi/vec4 6000, 0, 16;
    %store/vec4 v000002b420a72dc0_0, 0, 16;
    %pushi/vec4 128, 0, 8;
    %store/vec4 v000002b420a72f00_0, 0, 8;
    %pushi/vec4 128, 0, 8;
    %store/vec4 v000002b420a73540_0, 0, 8;
    %wait E_000002b420a6cb80;
    %delay 2000, 0;
    %pushi/vec4 30000, 0, 16;
    %store/vec4 v000002b420a732c0_0, 0, 16;
    %pushi/vec4 25000, 0, 16;
    %store/vec4 v000002b420a72dc0_0, 0, 16;
    %pushi/vec4 255, 0, 8;
    %store/vec4 v000002b420a72f00_0, 0, 8;
    %pushi/vec4 255, 0, 8;
    %store/vec4 v000002b420a73540_0, 0, 8;
    %wait E_000002b420a6cb80;
    %delay 2000, 0;
    %delay 100000, 0;
    %vpi_call 2 68 "$finish" {0 0 0};
    %end;
    .thread T_2;
    .scope S_000002b420a74350;
T_3 ;
    %wait E_000002b420a6d080;
    %load/vec4 v000002b420ad7ea0_0;
    %nor/r;
    %flag_set/vec4 8;
    %jmp/0xz  T_3.0, 8;
    %pushi/vec4 0, 0, 25;
    %assign/vec4 v000002b420ad7ae0_0, 0;
    %pushi/vec4 0, 0, 25;
    %assign/vec4 v000002b420ad6780_0, 0;
    %pushi/vec4 0, 0, 26;
    %assign/vec4 v000002b420ad6f00_0, 0;
    %pushi/vec4 0, 0, 16;
    %assign/vec4 v000002b420ad6820_0, 0;
    %jmp T_3.1;
T_3.0 ;
    %load/vec4 v000002b420a72960_0;
    %pad/s 25;
    %pushi/vec4 0, 0, 1;
    %load/vec4 v000002b420ad6b40_0;
    %concat/vec4; draw_concat_vec4
    %pad/s 25;
    %mul;
    %assign/vec4 v000002b420ad7ae0_0, 0;
    %load/vec4 v000002b420a72780_0;
    %pad/s 25;
    %pushi/vec4 0, 0, 1;
    %load/vec4 v000002b420ad6be0_0;
    %concat/vec4; draw_concat_vec4
    %pad/s 25;
    %mul;
    %assign/vec4 v000002b420ad6780_0, 0;
    %load/vec4 v000002b420ad7ae0_0;
    %pad/s 26;
    %load/vec4 v000002b420ad6780_0;
    %pad/s 26;
    %add;
    %assign/vec4 v000002b420ad6f00_0, 0;
    %load/vec4 v000002b420ad7e00_0;
    %cmpi/s 32367, 0, 26;
    %flag_or 5, 4; GT is !LE
    %flag_inv 5;
    %jmp/0xz  T_3.2, 5;
    %pushi/vec4 32767, 0, 16;
    %assign/vec4 v000002b420ad6820_0, 0;
    %jmp T_3.3;
T_3.2 ;
    %load/vec4 v000002b420ad7e00_0;
    %cmpi/s 67076096, 0, 26;
    %jmp/0xz  T_3.4, 5;
    %pushi/vec4 32768, 0, 16;
    %assign/vec4 v000002b420ad6820_0, 0;
    %jmp T_3.5;
T_3.4 ;
    %load/vec4 v000002b420ad7e00_0;
    %parti/s 16, 0, 2;
    %assign/vec4 v000002b420ad6820_0, 0;
T_3.5 ;
T_3.3 ;
T_3.1 ;
    %jmp T_3;
    .thread T_3;
# The file index is used to find the file name in the following table.
:file_names 5;
    "N/A";
    "<interactive>";
    "tb_digital_mixer.v";
    "digital_mixer.v";
    "top.v";
